<?xml version="1.0" encoding="UTF-8"?>
<!-- Generated by org.testng.reporters.JUnitXMLReporter -->
<testsuite hostname="Madhu-PC" name="Default test" tests="5" failures="0" timestamp="2 Jul 2018 04:26:10 GMT" time="0.045" errors="0">
  <testcase name="BrowserLaunch" time="0.011" classname="com.Annotations.Annotations1"/>
  <testcase name="LogIn" time="0.002" classname="com.Annotations.Annotations1"/>
  <testcase name="Inbox" time="0.002" classname="com.Annotations.Annotations1"/>
  <testcase name="ComposeMail" time="0.002" classname="com.Annotations.Annotations1"/>
  <testcase name="stepFunction" time="0.002" classname="com.Annotations.Annotations1"/>
</testsuite> <!-- Default test -->
